<?xml version="1.0" encoding="UTF-8"?>
<testsuite name="pl.stosik.UrlShortenerTest" tests="1" skipped="0" failures="0" errors="0" timestamp="2024-01-27T11:31:25" hostname="Szymon-Tosiks-Mac-VL9JQM4YWJ.local" time="0.415">
  <properties/>
  <testcase name="shouldNotShortenTheSameUrlTwice()" classname="pl.stosik.UrlShortenerTest" time="0.415"/>
  <system-out><![CDATA[]]></system-out>
  <system-err><![CDATA[]]></system-err>
</testsuite>
