<?xml version="1.0" encoding="UTF-8"?>
<testsuite name="pl.stosik.account.transferer.TransferServiceTest" tests="3" skipped="0" failures="0" errors="0" timestamp="2024-01-28T09:52:58" hostname="Szymon-Tosiks-Mac-VL9JQM4YWJ.local" time="0.116">
  <properties/>
  <testcase name="should deposit money to account()" classname="pl.stosik.account.transferer.TransferServiceTest" time="0.113"/>
  <testcase name="should withdraw money from account()" classname="pl.stosik.account.transferer.TransferServiceTest" time="0.0"/>
  <testcase name="should transfer money between accounts()" classname="pl.stosik.account.transferer.TransferServiceTest" time="0.001"/>
  <system-out><![CDATA[]]></system-out>
  <system-err><![CDATA[]]></system-err>
</testsuite>
